<?xml version="1.0" encoding="UTF-8"?>
<!-- Generated by org.testng.reporters.JUnitXMLReporter -->
<testsuite ignored="2" hostname="LAPTOP-PE73JGE2" failures="0" tests="3" name="Test" time="36.305" errors="0" timestamp="2025-10-24T15:10:55 IST">
  <testcase classname="com.ninza.hrm.api.projecttest.f.CreateProject_DBFTest" name="createProjectDBTest" time="0.385"/>
  <testcase classname="com.ninza.hrm.api.projecttest.f.CreateProject_DBFTest$UpdateProjectDBTest" name="updateProjectDBTest" time="1.432"/>
  <testcase classname="com.ninza.hrm.api.projecttest.f.CreateProject_DBFTest$DeleteProjectFETest" name="deleteProjectFETest" time="18.852"/>
  <testcase classname="com.ninza.hrm.api.generic.baseclass.BaseAPIClass" name="@AfterSuite configAS" time="0.0">
    <ignored/>
  </testcase> <!-- @AfterSuite configAS -->
  <testcase classname="com.ninza.hrm.api.generic.baseclass.BaseAPIClass" name="@BeforeSuite configBS" time="0.0">
    <ignored/>
  </testcase> <!-- @BeforeSuite configBS -->
</testsuite> <!-- Test -->
