<?xml version="1.0" encoding="UTF-8"?>
<testng-results ignored="0" total="1" passed="1" failed="0" skipped="0">
  <reporter-output>
  </reporter-output>
  <suite started-at="2025-10-28T13:54:36 IST" name="Default suite" finished-at="2025-10-28T13:54:36 IST" duration-ms="84">
    <groups>
    </groups>
    <test started-at="2025-10-28T13:54:36 IST" name="Default test" finished-at="2025-10-28T13:54:36 IST" duration-ms="84">
      <class name="com.ninza.hrm.api.employeetest.RestfulBooker">
        <test-method signature="createBooking()[pri:0, instance:com.ninza.hrm.api.employeetest.RestfulBooker@2df3b89c]" started-at="2025-10-28T13:54:36 IST" name="createBooking" finished-at="2025-10-28T13:54:36 IST" duration-ms="18" status="PASS">
          <reporter-output>
          </reporter-output>
        </test-method> <!-- createBooking -->
      </class> <!-- com.ninza.hrm.api.employeetest.RestfulBooker -->
    </test> <!-- Default test -->
  </suite> <!-- Default suite -->
</testng-results>
