<?xml version="1.0" encoding="UTF-8"?>
<!-- Generated by org.testng.reporters.JUnitXMLReporter -->
<testsuite ignored="2" hostname="LAPTOP-PE73JGE2" failures="0" tests="3" name="Create Project Tests" time="34.685" errors="0" timestamp="2025-10-23T15:05:38 IST">
  <testcase classname="Sample.CreateProjectFETest" name="createProjectFETest" time="8.217"/>
  <testcase classname="Sample.CreateProjectFETest$GetProjectBETest" name="getProjectBETest" time="3.924"/>
  <testcase classname="Sample.CreateProjectFETest$ValidateProjectDBTest" name="validateProjectDBTest" time="1.163"/>
  <testcase classname="com.ninza.hrm.api.generic.baseclass.BaseAPIClass" name="@BeforeSuite configBS" time="0.0">
    <ignored/>
  </testcase> <!-- @BeforeSuite configBS -->
  <testcase classname="com.ninza.hrm.api.generic.baseclass.BaseAPIClass" name="@AfterSuite configAS" time="0.0">
    <ignored/>
  </testcase> <!-- @AfterSuite configAS -->
</testsuite> <!-- Create Project Tests -->
