<?xml version="1.0" encoding="UTF-8"?>
<!-- Generated by org.testng.reporters.JUnitReportReporter -->
<testsuite hostname="LAPTOP-PE73JGE2" failures="0" tests="2" name="com.ninza.hrm.api.employeetest.EmployeeTest" time="8.349" errors="0" timestamp="2025-10-17T11:17:42 IST" skipped="0">
  <testcase classname="com.ninza.hrm.api.employeetest.EmployeeTest" name="addEmployeeTest" time="3.418"/>
  <testcase classname="com.ninza.hrm.api.employeetest.EmployeeTest" name="addEmployeeWithoutEmailTest" time="4.931"/>
</testsuite> <!-- com.ninza.hrm.api.employeetest.EmployeeTest -->
