<?xml version="1.0" encoding="UTF-8"?>
<!-- Generated by org.testng.reporters.JUnitReportReporter -->
<testsuite hostname="LAPTOP-PE73JGE2" failures="0" tests="1" name="com.ninza.hrm.api.projecttest.f.CreateProject_DBFTest$UpdateProjectDBTest" time="1.432" errors="0" timestamp="2025-10-24T15:10:56 IST" skipped="0">
  <testcase classname="com.ninza.hrm.api.projecttest.f.CreateProject_DBFTest$UpdateProjectDBTest" name="updateProjectDBTest" time="1.432"/>
</testsuite> <!-- com.ninza.hrm.api.projecttest.f.CreateProject_DBFTest$UpdateProjectDBTest -->
