<?xml version="1.0" encoding="UTF-8"?>
<!-- Generated by org.testng.reporters.JUnitReportReporter -->
<testsuite hostname="LAPTOP-PE73JGE2" failures="0" tests="1" name="com.ninza.hrm.api.projecttest.f.CreateProject_BDFTest$ValidateProjectFETest" time="24.638" errors="0" timestamp="2025-10-23T17:52:27 IST" skipped="0">
  <testcase classname="com.ninza.hrm.api.projecttest.f.CreateProject_BDFTest$ValidateProjectFETest" name="validateProjectFETest" time="24.638"/>
</testsuite> <!-- com.ninza.hrm.api.projecttest.f.CreateProject_BDFTest$ValidateProjectFETest -->
