<?xml version="1.0" encoding="UTF-8"?>
<!-- Generated by org.testng.reporters.JUnitReportReporter -->
<testsuite hostname="LAPTOP-PE73JGE2" failures="0" tests="2" name="com.ninza.hrm.api.projecttest.ProjectTest" time="8.509" errors="0" timestamp="2025-10-17T11:17:42 IST" skipped="0">
  <testcase classname="com.ninza.hrm.api.projecttest.ProjectTest" name="addSingleProjectWithCreated" time="6.441"/>
  <testcase classname="com.ninza.hrm.api.projecttest.ProjectTest" name="createDuplicateProjectTest" time="2.068"/>
</testsuite> <!-- com.ninza.hrm.api.projecttest.ProjectTest -->
